<?xml version="1.0" encoding="UTF-8"?>
<!-- Generated by org.testng.reporters.JUnitXMLReporter -->
<testsuite ignored="0" hostname="com2" failures="0" tests="4" name="Default test" time="18.324" errors="0" timestamp="2024-12-25T19:44:59 IST">
  <testcase classname="api.test.UserTests_usingProperties" name="testPostUser" time="6.789"/>
  <testcase classname="api.test.UserTests_usingProperties" name="testGetUserByName" time="2.769"/>
  <testcase classname="api.test.UserTests_usingProperties" name="testUpdateUserByName" time="5.413"/>
  <testcase classname="api.test.UserTests_usingProperties" name="testDeleteUserByName" time="2.867"/>
</testsuite> <!-- Default test -->
