<?xml version="1.0" encoding="UTF-8"?>
<testng-results ignored="0" total="4" passed="4" failed="0" skipped="0">
  <reporter-output>
  </reporter-output>
  <suite started-at="2024-12-25T19:54:05 IST" name="PetSuite" finished-at="2024-12-25T19:54:19 IST" duration-ms="13905">
    <groups>
    </groups>
    <test started-at="2024-12-25T19:54:05 IST" name="PetTests" finished-at="2024-12-25T19:54:19 IST" duration-ms="13905">
      <class name="api.test.UserTests_usingProperties">
        <test-method is-config="true" signature="setupData()[pri:0, instance:api.test.UserTests_usingProperties@24569dba]" started-at="2024-12-25T19:54:06 IST" name="setupData" finished-at="2024-12-25T19:54:06 IST" duration-ms="270" status="PASS">
          <reporter-output>
          </reporter-output>
        </test-method> <!-- setupData -->
        <test-method signature="testPostUser()[pri:1, instance:api.test.UserTests_usingProperties@24569dba]" started-at="2024-12-25T19:54:06 IST" name="testPostUser" finished-at="2024-12-25T19:54:10 IST" duration-ms="4177" status="PASS">
          <reporter-output>
          </reporter-output>
        </test-method> <!-- testPostUser -->
        <test-method signature="testGetUserByName()[pri:2, instance:api.test.UserTests_usingProperties@24569dba]" started-at="2024-12-25T19:54:10 IST" name="testGetUserByName" finished-at="2024-12-25T19:54:13 IST" duration-ms="2518" status="PASS">
          <reporter-output>
          </reporter-output>
        </test-method> <!-- testGetUserByName -->
        <test-method signature="testUpdateUserByName()[pri:3, instance:api.test.UserTests_usingProperties@24569dba]" started-at="2024-12-25T19:54:13 IST" name="testUpdateUserByName" finished-at="2024-12-25T19:54:17 IST" depends-on-methods="api.test.UserTests_usingProperties.testPostUser" duration-ms="4114" status="PASS">
          <reporter-output>
          </reporter-output>
        </test-method> <!-- testUpdateUserByName -->
        <test-method signature="testDeleteUserByName()[pri:4, instance:api.test.UserTests_usingProperties@24569dba]" started-at="2024-12-25T19:54:17 IST" name="testDeleteUserByName" finished-at="2024-12-25T19:54:19 IST" duration-ms="1903" status="PASS">
          <reporter-output>
          </reporter-output>
        </test-method> <!-- testDeleteUserByName -->
      </class> <!-- api.test.UserTests_usingProperties -->
    </test> <!-- PetTests -->
  </suite> <!-- PetSuite -->
</testng-results>
