<?xml version="1.0" encoding="UTF-8"?>
<!-- Generated by org.testng.reporters.JUnitXMLReporter -->
<testsuite ignored="0" hostname="com2" failures="0" tests="4" name="PetTests" time="16.933" errors="0" timestamp="2024-12-26T10:44:40 IST">
  <testcase classname="api.test.UserTests_usingProperties" name="testPostUser" time="6.36"/>
  <testcase classname="api.test.UserTests_usingProperties" name="testGetUserByName" time="1.972"/>
  <testcase classname="api.test.UserTests_usingProperties" name="testUpdateUserByName" time="5.443"/>
  <testcase classname="api.test.UserTests_usingProperties" name="testDeleteUserByName" time="2.278"/>
</testsuite> <!-- PetTests -->
